
> frontend@0.0.0 build
> tsc -b && vite build

src/features/positions/__tests__/PositionTemporalPage.test.tsx(3,1): error TS6133: 'React' is declared but its value is never read.
src/features/positions/components/PositionForm/PositionFormFields.stories.tsx(1,37): error TS2307: Cannot find module '@storybook/react' or its corresponding type declarations.
src/features/positions/components/PositionForm/PositionFormFields.stories.tsx(31,16): error TS7006: Parameter 'Story' implicitly has an 'any' type.
src/features/temporal/components/hooks/temporalMasterDetailSubmissions.ts(172,9): error TS2322: Type '"INACTIVE" | "PLANNED" | "DELETED" | "CURRENT" | "HISTORICAL"' is not assignable to type '"PLANNED" | "CURRENT" | "HISTORICAL" | undefined'.
  Type '"INACTIVE"' is not assignable to type '"PLANNED" | "CURRENT" | "HISTORICAL" | undefined'.
src/features/temporal/components/hooks/temporalMasterDetailSubmissions.ts(179,26): error TS2345: Argument of type '(prev: TimelineVersion | null) => TimelineVersion | { name: string; unitType: string; lifecycleStatus: "INACTIVE" | "PLANNED" | "DELETED" | "CURRENT" | "HISTORICAL"; ... 22 more ...; deletion_reason?: string | ... 1 more ... | undefined; } | null' is not assignable to parameter of type 'SetStateAction<TimelineVersion | null>'.
  Type '(prev: TimelineVersion | null) => TimelineVersion | { name: string; unitType: string; lifecycleStatus: "INACTIVE" | "PLANNED" | "DELETED" | "CURRENT" | "HISTORICAL"; ... 22 more ...; deletion_reason?: string | ... 1 more ... | undefined; } | null' is not assignable to type '(prevState: TimelineVersion | null) => TimelineVersion | null'.
    Type 'TimelineVersion | { name: string; unitType: string; lifecycleStatus: "INACTIVE" | "PLANNED" | "DELETED" | "CURRENT" | "HISTORICAL"; description: string | undefined; ... 21 more ...; deletion_reason?: string | ... 1 more ... | undefined; } | null' is not assignable to type 'TimelineVersion | null'.
      Type '{ name: string; unitType: string; lifecycleStatus: "INACTIVE" | "PLANNED" | "DELETED" | "CURRENT" | "HISTORICAL"; description: string | undefined; parentCode: string | undefined; ... 20 more ...; deletion_reason?: string | null; }' is not assignable to type 'TimelineVersion'.
        Types of property 'lifecycleStatus' are incompatible.
          Type '"INACTIVE" | "PLANNED" | "DELETED" | "CURRENT" | "HISTORICAL"' is not assignable to type '"PLANNED" | "CURRENT" | "HISTORICAL" | undefined'.
            Type '"INACTIVE"' is not assignable to type '"PLANNED" | "CURRENT" | "HISTORICAL" | undefined'.
src/shared/hooks/useEnterprisePositions.ts(671,15): error TS2339: Property 'sorting' does not exist on type 'VacantPositionsQueryVariables'.
src/shared/hooks/useEnterprisePositions.ts(791,5): error TS2345: Argument of type 'PositionsQueryVariables' is not assignable to parameter of type 'Record<string, JsonValue>'.
  Property 'filter' is incompatible with index signature.
    Type 'Record<string, unknown>' is not assignable to type 'JsonValue'.
      Type 'Record<string, unknown>' is missing the following properties from type 'JsonValue[]': length, pop, push, concat, and 29 more.
src/shared/hooks/useEnterprisePositions.ts(882,5): error TS2345: Argument of type 'VacantPositionsQueryVariables' is not assignable to parameter of type 'Record<string, JsonValue>'.
  Property 'filter' is incompatible with index signature.
    Type 'Record<string, unknown>' is not assignable to type 'JsonValue'.
      Type 'Record<string, unknown>' is missing the following properties from type 'JsonValue[]': length, pop, push, concat, and 29 more.
src/shared/hooks/useJobCatalog.ts(163,9): error TS2345: Argument of type 'Record<string, unknown>' is not assignable to parameter of type 'Record<string, JsonValue>'.
  'string' index signatures are incompatible.
    Type 'unknown' is not assignable to type 'JsonValue'.
src/shared/hooks/useJobCatalog.ts(199,9): error TS2345: Argument of type 'Record<string, unknown>' is not assignable to parameter of type 'Record<string, JsonValue>'.
  'string' index signatures are incompatible.
    Type 'unknown' is not assignable to type 'JsonValue'.
src/shared/hooks/useJobCatalog.ts(236,9): error TS2345: Argument of type 'Record<string, unknown>' is not assignable to parameter of type 'Record<string, JsonValue>'.
  'string' index signatures are incompatible.
    Type 'unknown' is not assignable to type 'JsonValue'.
src/shared/hooks/useJobCatalog.ts(271,9): error TS2345: Argument of type 'Record<string, unknown>' is not assignable to parameter of type 'Record<string, JsonValue>'.
  'string' index signatures are incompatible.
    Type 'unknown' is not assignable to type 'JsonValue'.
src/shared/hooks/usePositionMutations.ts(62,42): error TS2554: Expected 2 arguments, but got 1.
src/shared/hooks/usePositionMutations.ts(200,19): error TS2554: Expected 2 arguments, but got 1.
